<?xml version="1.0" encoding="UTF-8"?>
<testng-results skipped="2" failed="0" ignored="0" total="2" passed="0">
  <reporter-output>
  </reporter-output>
  <suite name="Default suite" duration-ms="4164" started-at="2020-12-12T18:14:28Z" finished-at="2020-12-12T18:14:32Z">
    <groups>
    </groups>
    <test name="Default test" duration-ms="4164" started-at="2020-12-12T18:14:28Z" finished-at="2020-12-12T18:14:32Z">
      <class name="testCases.LoginPageTest">
        <test-method status="FAIL" signature="setUp()[pri:0, instance:testCases.LoginPageTest@2ed0fbae]" name="setUp" is-config="true" duration-ms="3970" started-at="2020-12-12T18:14:28Z" finished-at="2020-12-12T18:14:32Z">
          <exception class="org.openqa.selenium.SessionNotCreatedException">
            <message>
              <![CDATA[session not created: This version of ChromeDriver only supports Chrome version 87
Current browser version is 86.0.4240.198 with binary path C:\Program Files (x86)\Google\Chrome\Application\chrome.exe
Build info: version: '3.14.0', revision: 'aacccce0', time: '2018-08-02T20:19:58.91Z'
System info: host: 'DESKTOP-RCAG5PJ', ip: '192.168.216.1', os.name: 'Windows 10', os.arch: 'amd64', os.version: '10.0', java.version: '1.8.0_221'
Driver info: driver.version: ChromeDriver
remote stacktrace: Backtrace:
Ordinal0 [0x008FC0C3+3326147]
Ordinal0 [0x007E0851+2164817]
Ordinal0 [0x00667298+619160]
Ordinal0 [0x005E1D92+73106]
Ordinal0 [0x005DE119+57625]
Ordinal0 [0x005DC38A+50058]
Ordinal0 [0x00605F3E+220990]
Ordinal0 [0x00605CAC+220332]
Ordinal0 [0x0060189B+202907]
Ordinal0 [0x005E3DF4+81396]
Ordinal0 [0x005E4DEE+85486]
Ordinal0 [0x005E4D79+85369]
Ordinal0 [0x007F85DC+2262492]
GetHandleVerifier [0x00A82874+1487204]
GetHandleVerifier [0x00A823CD+1486013]
GetHandleVerifier [0x00A8A368+1518680]
GetHandleVerifier [0x00A82F4E+1488958]
Ordinal0 [0x007EED0D+2223373]
Ordinal0 [0x007FA12B+2269483]
Ordinal0 [0x007FA26F+2269807]
Ordinal0 [0x0080ECB8+2354360]
BaseThreadInitThunk [0x75E86359+25]
RtlGetAppContainerNamedObjectPath [0x77708944+228]
RtlGetAppContainerNamedObjectPath [0x77708914+180]
]]>
            </message>
            <full-stacktrace>
              <![CDATA[org.openqa.selenium.SessionNotCreatedException: session not created: This version of ChromeDriver only supports Chrome version 87
Current browser version is 86.0.4240.198 with binary path C:\Program Files (x86)\Google\Chrome\Application\chrome.exe
Build info: version: '3.14.0', revision: 'aacccce0', time: '2018-08-02T20:19:58.91Z'
System info: host: 'DESKTOP-RCAG5PJ', ip: '192.168.216.1', os.name: 'Windows 10', os.arch: 'amd64', os.version: '10.0', java.version: '1.8.0_221'
Driver info: driver.version: ChromeDriver
remote stacktrace: Backtrace:
Ordinal0 [0x008FC0C3+3326147]
Ordinal0 [0x007E0851+2164817]
Ordinal0 [0x00667298+619160]
Ordinal0 [0x005E1D92+73106]
Ordinal0 [0x005DE119+57625]
Ordinal0 [0x005DC38A+50058]
Ordinal0 [0x00605F3E+220990]
Ordinal0 [0x00605CAC+220332]
Ordinal0 [0x0060189B+202907]
Ordinal0 [0x005E3DF4+81396]
Ordinal0 [0x005E4DEE+85486]
Ordinal0 [0x005E4D79+85369]
Ordinal0 [0x007F85DC+2262492]
GetHandleVerifier [0x00A82874+1487204]
GetHandleVerifier [0x00A823CD+1486013]
GetHandleVerifier [0x00A8A368+1518680]
GetHandleVerifier [0x00A82F4E+1488958]
Ordinal0 [0x007EED0D+2223373]
Ordinal0 [0x007FA12B+2269483]
Ordinal0 [0x007FA26F+2269807]
Ordinal0 [0x0080ECB8+2354360]
BaseThreadInitThunk [0x75E86359+25]
RtlGetAppContainerNamedObjectPath [0x77708944+228]
RtlGetAppContainerNamedObjectPath [0x77708914+180]

at sun.reflect.NativeConstructorAccessorImpl.newInstance0(Native Method)
at sun.reflect.NativeConstructorAccessorImpl.newInstance(NativeConstructorAccessorImpl.java:62)
at sun.reflect.DelegatingConstructorAccessorImpl.newInstance(DelegatingConstructorAccessorImpl.java:45)
at java.lang.reflect.Constructor.newInstance(Constructor.java:423)
at org.openqa.selenium.remote.W3CHandshakeResponse.lambda$new$0(W3CHandshakeResponse.java:57)
at org.openqa.selenium.remote.W3CHandshakeResponse.lambda$getResponseFunction$2(W3CHandshakeResponse.java:104)
at org.openqa.selenium.remote.ProtocolHandshake.lambda$createSession$0(ProtocolHandshake.java:122)
at java.util.stream.ReferencePipeline$3$1.accept(ReferencePipeline.java:193)
at java.util.Spliterators$ArraySpliterator.tryAdvance(Spliterators.java:958)
at java.util.stream.ReferencePipeline.forEachWithCancel(ReferencePipeline.java:126)
at java.util.stream.AbstractPipeline.copyIntoWithCancel(AbstractPipeline.java:499)
at java.util.stream.AbstractPipeline.copyInto(AbstractPipeline.java:486)
at java.util.stream.AbstractPipeline.wrapAndCopyInto(AbstractPipeline.java:472)
at java.util.stream.FindOps$FindOp.evaluateSequential(FindOps.java:152)
at java.util.stream.AbstractPipeline.evaluate(AbstractPipeline.java:234)
at java.util.stream.ReferencePipeline.findFirst(ReferencePipeline.java:464)
at org.openqa.selenium.remote.ProtocolHandshake.createSession(ProtocolHandshake.java:125)
at org.openqa.selenium.remote.ProtocolHandshake.createSession(ProtocolHandshake.java:73)
at org.openqa.selenium.remote.HttpCommandExecutor.execute(HttpCommandExecutor.java:136)
at org.openqa.selenium.remote.service.DriverCommandExecutor.execute(DriverCommandExecutor.java:83)
at org.openqa.selenium.remote.RemoteWebDriver.execute(RemoteWebDriver.java:548)
at org.openqa.selenium.remote.RemoteWebDriver.startSession(RemoteWebDriver.java:212)
at org.openqa.selenium.remote.RemoteWebDriver.<init>(RemoteWebDriver.java:130)
at org.openqa.selenium.chrome.ChromeDriver.<init>(ChromeDriver.java:181)
at org.openqa.selenium.chrome.ChromeDriver.<init>(ChromeDriver.java:168)
at org.openqa.selenium.chrome.ChromeDriver.<init>(ChromeDriver.java:123)
at base.TestBase.initializeDriver(TestBase.java:33)
at testCases.LoginPageTest.setUp(LoginPageTest.java:20)
at sun.reflect.NativeMethodAccessorImpl.invoke0(Native Method)
at sun.reflect.NativeMethodAccessorImpl.invoke(NativeMethodAccessorImpl.java:62)
at sun.reflect.DelegatingMethodAccessorImpl.invoke(DelegatingMethodAccessorImpl.java:43)
at java.lang.reflect.Method.invoke(Method.java:498)
at org.testng.internal.MethodInvocationHelper.invokeMethod(MethodInvocationHelper.java:124)
at org.testng.internal.MethodInvocationHelper.invokeMethodConsideringTimeout(MethodInvocationHelper.java:59)
at org.testng.internal.Invoker.invokeConfigurationMethod(Invoker.java:458)
at org.testng.internal.Invoker.invokeConfigurations(Invoker.java:222)
at org.testng.internal.Invoker.invokeMethod(Invoker.java:523)
at org.testng.internal.Invoker.invokeTestMethod(Invoker.java:719)
at org.testng.internal.Invoker.invokeTestMethods(Invoker.java:989)
at org.testng.internal.TestMethodWorker.invokeTestMethods(TestMethodWorker.java:125)
at org.testng.internal.TestMethodWorker.run(TestMethodWorker.java:109)
at org.testng.TestRunner.privateRun(TestRunner.java:648)
at org.testng.TestRunner.run(TestRunner.java:505)
at org.testng.SuiteRunner.runTest(SuiteRunner.java:455)
at org.testng.SuiteRunner.runSequentially(SuiteRunner.java:450)
at org.testng.SuiteRunner.privateRun(SuiteRunner.java:415)
at org.testng.SuiteRunner.run(SuiteRunner.java:364)
at org.testng.SuiteRunnerWorker.runSuite(SuiteRunnerWorker.java:52)
at org.testng.SuiteRunnerWorker.run(SuiteRunnerWorker.java:84)
at org.testng.TestNG.runSuitesSequentially(TestNG.java:1208)
at org.testng.TestNG.runSuitesLocally(TestNG.java:1137)
at org.testng.TestNG.runSuites(TestNG.java:1049)
at org.testng.TestNG.run(TestNG.java:1017)
at org.testng.remote.AbstractRemoteTestNG.run(AbstractRemoteTestNG.java:115)
at org.testng.remote.RemoteTestNG.initAndRun(RemoteTestNG.java:251)
at org.testng.remote.RemoteTestNG.main(RemoteTestNG.java:77)
]]>
            </full-stacktrace>
          </exception> <!-- org.openqa.selenium.SessionNotCreatedException -->
          <reporter-output>
          </reporter-output>
        </test-method> <!-- setUp -->
        <test-method status="SKIP" signature="loginTest()[pri:1, instance:testCases.LoginPageTest@2ed0fbae]" name="loginTest" duration-ms="0" started-at="2020-12-12T18:14:32Z" finished-at="2020-12-12T18:14:32Z">
          <exception class="org.openqa.selenium.SessionNotCreatedException">
            <message>
              <![CDATA[session not created: This version of ChromeDriver only supports Chrome version 87
Current browser version is 86.0.4240.198 with binary path C:\Program Files (x86)\Google\Chrome\Application\chrome.exe
Build info: version: '3.14.0', revision: 'aacccce0', time: '2018-08-02T20:19:58.91Z'
System info: host: 'DESKTOP-RCAG5PJ', ip: '192.168.216.1', os.name: 'Windows 10', os.arch: 'amd64', os.version: '10.0', java.version: '1.8.0_221'
Driver info: driver.version: ChromeDriver
remote stacktrace: Backtrace:
Ordinal0 [0x008FC0C3+3326147]
Ordinal0 [0x007E0851+2164817]
Ordinal0 [0x00667298+619160]
Ordinal0 [0x005E1D92+73106]
Ordinal0 [0x005DE119+57625]
Ordinal0 [0x005DC38A+50058]
Ordinal0 [0x00605F3E+220990]
Ordinal0 [0x00605CAC+220332]
Ordinal0 [0x0060189B+202907]
Ordinal0 [0x005E3DF4+81396]
Ordinal0 [0x005E4DEE+85486]
Ordinal0 [0x005E4D79+85369]
Ordinal0 [0x007F85DC+2262492]
GetHandleVerifier [0x00A82874+1487204]
GetHandleVerifier [0x00A823CD+1486013]
GetHandleVerifier [0x00A8A368+1518680]
GetHandleVerifier [0x00A82F4E+1488958]
Ordinal0 [0x007EED0D+2223373]
Ordinal0 [0x007FA12B+2269483]
Ordinal0 [0x007FA26F+2269807]
Ordinal0 [0x0080ECB8+2354360]
BaseThreadInitThunk [0x75E86359+25]
RtlGetAppContainerNamedObjectPath [0x77708944+228]
RtlGetAppContainerNamedObjectPath [0x77708914+180]
]]>
            </message>
            <full-stacktrace>
              <![CDATA[org.openqa.selenium.SessionNotCreatedException: session not created: This version of ChromeDriver only supports Chrome version 87
Current browser version is 86.0.4240.198 with binary path C:\Program Files (x86)\Google\Chrome\Application\chrome.exe
Build info: version: '3.14.0', revision: 'aacccce0', time: '2018-08-02T20:19:58.91Z'
System info: host: 'DESKTOP-RCAG5PJ', ip: '192.168.216.1', os.name: 'Windows 10', os.arch: 'amd64', os.version: '10.0', java.version: '1.8.0_221'
Driver info: driver.version: ChromeDriver
remote stacktrace: Backtrace:
Ordinal0 [0x008FC0C3+3326147]
Ordinal0 [0x007E0851+2164817]
Ordinal0 [0x00667298+619160]
Ordinal0 [0x005E1D92+73106]
Ordinal0 [0x005DE119+57625]
Ordinal0 [0x005DC38A+50058]
Ordinal0 [0x00605F3E+220990]
Ordinal0 [0x00605CAC+220332]
Ordinal0 [0x0060189B+202907]
Ordinal0 [0x005E3DF4+81396]
Ordinal0 [0x005E4DEE+85486]
Ordinal0 [0x005E4D79+85369]
Ordinal0 [0x007F85DC+2262492]
GetHandleVerifier [0x00A82874+1487204]
GetHandleVerifier [0x00A823CD+1486013]
GetHandleVerifier [0x00A8A368+1518680]
GetHandleVerifier [0x00A82F4E+1488958]
Ordinal0 [0x007EED0D+2223373]
Ordinal0 [0x007FA12B+2269483]
Ordinal0 [0x007FA26F+2269807]
Ordinal0 [0x0080ECB8+2354360]
BaseThreadInitThunk [0x75E86359+25]
RtlGetAppContainerNamedObjectPath [0x77708944+228]
RtlGetAppContainerNamedObjectPath [0x77708914+180]

at sun.reflect.NativeConstructorAccessorImpl.newInstance0(Native Method)
at sun.reflect.NativeConstructorAccessorImpl.newInstance(NativeConstructorAccessorImpl.java:62)
at sun.reflect.DelegatingConstructorAccessorImpl.newInstance(DelegatingConstructorAccessorImpl.java:45)
at java.lang.reflect.Constructor.newInstance(Constructor.java:423)
at org.openqa.selenium.remote.W3CHandshakeResponse.lambda$new$0(W3CHandshakeResponse.java:57)
at org.openqa.selenium.remote.W3CHandshakeResponse.lambda$getResponseFunction$2(W3CHandshakeResponse.java:104)
at org.openqa.selenium.remote.ProtocolHandshake.lambda$createSession$0(ProtocolHandshake.java:122)
at java.util.stream.ReferencePipeline$3$1.accept(ReferencePipeline.java:193)
at java.util.Spliterators$ArraySpliterator.tryAdvance(Spliterators.java:958)
at java.util.stream.ReferencePipeline.forEachWithCancel(ReferencePipeline.java:126)
at java.util.stream.AbstractPipeline.copyIntoWithCancel(AbstractPipeline.java:499)
at java.util.stream.AbstractPipeline.copyInto(AbstractPipeline.java:486)
at java.util.stream.AbstractPipeline.wrapAndCopyInto(AbstractPipeline.java:472)
at java.util.stream.FindOps$FindOp.evaluateSequential(FindOps.java:152)
at java.util.stream.AbstractPipeline.evaluate(AbstractPipeline.java:234)
at java.util.stream.ReferencePipeline.findFirst(ReferencePipeline.java:464)
at org.openqa.selenium.remote.ProtocolHandshake.createSession(ProtocolHandshake.java:125)
at org.openqa.selenium.remote.ProtocolHandshake.createSession(ProtocolHandshake.java:73)
at org.openqa.selenium.remote.HttpCommandExecutor.execute(HttpCommandExecutor.java:136)
at org.openqa.selenium.remote.service.DriverCommandExecutor.execute(DriverCommandExecutor.java:83)
at org.openqa.selenium.remote.RemoteWebDriver.execute(RemoteWebDriver.java:548)
at org.openqa.selenium.remote.RemoteWebDriver.startSession(RemoteWebDriver.java:212)
at org.openqa.selenium.remote.RemoteWebDriver.<init>(RemoteWebDriver.java:130)
at org.openqa.selenium.chrome.ChromeDriver.<init>(ChromeDriver.java:181)
at org.openqa.selenium.chrome.ChromeDriver.<init>(ChromeDriver.java:168)
at org.openqa.selenium.chrome.ChromeDriver.<init>(ChromeDriver.java:123)
at base.TestBase.initializeDriver(TestBase.java:33)
at testCases.LoginPageTest.setUp(LoginPageTest.java:20)
at sun.reflect.NativeMethodAccessorImpl.invoke0(Native Method)
at sun.reflect.NativeMethodAccessorImpl.invoke(NativeMethodAccessorImpl.java:62)
at sun.reflect.DelegatingMethodAccessorImpl.invoke(DelegatingMethodAccessorImpl.java:43)
at java.lang.reflect.Method.invoke(Method.java:498)
at org.testng.internal.MethodInvocationHelper.invokeMethod(MethodInvocationHelper.java:124)
at org.testng.internal.MethodInvocationHelper.invokeMethodConsideringTimeout(MethodInvocationHelper.java:59)
at org.testng.internal.Invoker.invokeConfigurationMethod(Invoker.java:458)
at org.testng.internal.Invoker.invokeConfigurations(Invoker.java:222)
at org.testng.internal.Invoker.invokeMethod(Invoker.java:523)
at org.testng.internal.Invoker.invokeTestMethod(Invoker.java:719)
at org.testng.internal.Invoker.invokeTestMethods(Invoker.java:989)
at org.testng.internal.TestMethodWorker.invokeTestMethods(TestMethodWorker.java:125)
at org.testng.internal.TestMethodWorker.run(TestMethodWorker.java:109)
at org.testng.TestRunner.privateRun(TestRunner.java:648)
at org.testng.TestRunner.run(TestRunner.java:505)
at org.testng.SuiteRunner.runTest(SuiteRunner.java:455)
at org.testng.SuiteRunner.runSequentially(SuiteRunner.java:450)
at org.testng.SuiteRunner.privateRun(SuiteRunner.java:415)
at org.testng.SuiteRunner.run(SuiteRunner.java:364)
at org.testng.SuiteRunnerWorker.runSuite(SuiteRunnerWorker.java:52)
at org.testng.SuiteRunnerWorker.run(SuiteRunnerWorker.java:84)
at org.testng.TestNG.runSuitesSequentially(TestNG.java:1208)
at org.testng.TestNG.runSuitesLocally(TestNG.java:1137)
at org.testng.TestNG.runSuites(TestNG.java:1049)
at org.testng.TestNG.run(TestNG.java:1017)
at org.testng.remote.AbstractRemoteTestNG.run(AbstractRemoteTestNG.java:115)
at org.testng.remote.RemoteTestNG.initAndRun(RemoteTestNG.java:251)
at org.testng.remote.RemoteTestNG.main(RemoteTestNG.java:77)
]]>
            </full-stacktrace>
          </exception> <!-- org.openqa.selenium.SessionNotCreatedException -->
          <reporter-output>
          </reporter-output>
        </test-method> <!-- loginTest -->
        <test-method status="SKIP" signature="tearDown()[pri:0, instance:testCases.LoginPageTest@2ed0fbae]" name="tearDown" is-config="true" duration-ms="0" started-at="2020-12-12T18:14:32Z" finished-at="2020-12-12T18:14:32Z">
          <reporter-output>
          </reporter-output>
        </test-method> <!-- tearDown -->
        <test-method status="SKIP" signature="setUp()[pri:0, instance:testCases.LoginPageTest@2ed0fbae]" name="setUp" is-config="true" duration-ms="0" started-at="2020-12-12T18:14:32Z" finished-at="2020-12-12T18:14:32Z">
          <reporter-output>
          </reporter-output>
        </test-method> <!-- setUp -->
        <test-method status="SKIP" signature="loginpageTitleTest()[pri:2, instance:testCases.LoginPageTest@2ed0fbae]" name="loginpageTitleTest" duration-ms="0" started-at="2020-12-12T18:14:32Z" finished-at="2020-12-12T18:14:32Z">
          <exception class="org.openqa.selenium.SessionNotCreatedException">
            <message>
              <![CDATA[session not created: This version of ChromeDriver only supports Chrome version 87
Current browser version is 86.0.4240.198 with binary path C:\Program Files (x86)\Google\Chrome\Application\chrome.exe
Build info: version: '3.14.0', revision: 'aacccce0', time: '2018-08-02T20:19:58.91Z'
System info: host: 'DESKTOP-RCAG5PJ', ip: '192.168.216.1', os.name: 'Windows 10', os.arch: 'amd64', os.version: '10.0', java.version: '1.8.0_221'
Driver info: driver.version: ChromeDriver
remote stacktrace: Backtrace:
Ordinal0 [0x008FC0C3+3326147]
Ordinal0 [0x007E0851+2164817]
Ordinal0 [0x00667298+619160]
Ordinal0 [0x005E1D92+73106]
Ordinal0 [0x005DE119+57625]
Ordinal0 [0x005DC38A+50058]
Ordinal0 [0x00605F3E+220990]
Ordinal0 [0x00605CAC+220332]
Ordinal0 [0x0060189B+202907]
Ordinal0 [0x005E3DF4+81396]
Ordinal0 [0x005E4DEE+85486]
Ordinal0 [0x005E4D79+85369]
Ordinal0 [0x007F85DC+2262492]
GetHandleVerifier [0x00A82874+1487204]
GetHandleVerifier [0x00A823CD+1486013]
GetHandleVerifier [0x00A8A368+1518680]
GetHandleVerifier [0x00A82F4E+1488958]
Ordinal0 [0x007EED0D+2223373]
Ordinal0 [0x007FA12B+2269483]
Ordinal0 [0x007FA26F+2269807]
Ordinal0 [0x0080ECB8+2354360]
BaseThreadInitThunk [0x75E86359+25]
RtlGetAppContainerNamedObjectPath [0x77708944+228]
RtlGetAppContainerNamedObjectPath [0x77708914+180]
]]>
            </message>
            <full-stacktrace>
              <![CDATA[org.openqa.selenium.SessionNotCreatedException: session not created: This version of ChromeDriver only supports Chrome version 87
Current browser version is 86.0.4240.198 with binary path C:\Program Files (x86)\Google\Chrome\Application\chrome.exe
Build info: version: '3.14.0', revision: 'aacccce0', time: '2018-08-02T20:19:58.91Z'
System info: host: 'DESKTOP-RCAG5PJ', ip: '192.168.216.1', os.name: 'Windows 10', os.arch: 'amd64', os.version: '10.0', java.version: '1.8.0_221'
Driver info: driver.version: ChromeDriver
remote stacktrace: Backtrace:
Ordinal0 [0x008FC0C3+3326147]
Ordinal0 [0x007E0851+2164817]
Ordinal0 [0x00667298+619160]
Ordinal0 [0x005E1D92+73106]
Ordinal0 [0x005DE119+57625]
Ordinal0 [0x005DC38A+50058]
Ordinal0 [0x00605F3E+220990]
Ordinal0 [0x00605CAC+220332]
Ordinal0 [0x0060189B+202907]
Ordinal0 [0x005E3DF4+81396]
Ordinal0 [0x005E4DEE+85486]
Ordinal0 [0x005E4D79+85369]
Ordinal0 [0x007F85DC+2262492]
GetHandleVerifier [0x00A82874+1487204]
GetHandleVerifier [0x00A823CD+1486013]
GetHandleVerifier [0x00A8A368+1518680]
GetHandleVerifier [0x00A82F4E+1488958]
Ordinal0 [0x007EED0D+2223373]
Ordinal0 [0x007FA12B+2269483]
Ordinal0 [0x007FA26F+2269807]
Ordinal0 [0x0080ECB8+2354360]
BaseThreadInitThunk [0x75E86359+25]
RtlGetAppContainerNamedObjectPath [0x77708944+228]
RtlGetAppContainerNamedObjectPath [0x77708914+180]

at sun.reflect.NativeConstructorAccessorImpl.newInstance0(Native Method)
at sun.reflect.NativeConstructorAccessorImpl.newInstance(NativeConstructorAccessorImpl.java:62)
at sun.reflect.DelegatingConstructorAccessorImpl.newInstance(DelegatingConstructorAccessorImpl.java:45)
at java.lang.reflect.Constructor.newInstance(Constructor.java:423)
at org.openqa.selenium.remote.W3CHandshakeResponse.lambda$new$0(W3CHandshakeResponse.java:57)
at org.openqa.selenium.remote.W3CHandshakeResponse.lambda$getResponseFunction$2(W3CHandshakeResponse.java:104)
at org.openqa.selenium.remote.ProtocolHandshake.lambda$createSession$0(ProtocolHandshake.java:122)
at java.util.stream.ReferencePipeline$3$1.accept(ReferencePipeline.java:193)
at java.util.Spliterators$ArraySpliterator.tryAdvance(Spliterators.java:958)
at java.util.stream.ReferencePipeline.forEachWithCancel(ReferencePipeline.java:126)
at java.util.stream.AbstractPipeline.copyIntoWithCancel(AbstractPipeline.java:499)
at java.util.stream.AbstractPipeline.copyInto(AbstractPipeline.java:486)
at java.util.stream.AbstractPipeline.wrapAndCopyInto(AbstractPipeline.java:472)
at java.util.stream.FindOps$FindOp.evaluateSequential(FindOps.java:152)
at java.util.stream.AbstractPipeline.evaluate(AbstractPipeline.java:234)
at java.util.stream.ReferencePipeline.findFirst(ReferencePipeline.java:464)
at org.openqa.selenium.remote.ProtocolHandshake.createSession(ProtocolHandshake.java:125)
at org.openqa.selenium.remote.ProtocolHandshake.createSession(ProtocolHandshake.java:73)
at org.openqa.selenium.remote.HttpCommandExecutor.execute(HttpCommandExecutor.java:136)
at org.openqa.selenium.remote.service.DriverCommandExecutor.execute(DriverCommandExecutor.java:83)
at org.openqa.selenium.remote.RemoteWebDriver.execute(RemoteWebDriver.java:548)
at org.openqa.selenium.remote.RemoteWebDriver.startSession(RemoteWebDriver.java:212)
at org.openqa.selenium.remote.RemoteWebDriver.<init>(RemoteWebDriver.java:130)
at org.openqa.selenium.chrome.ChromeDriver.<init>(ChromeDriver.java:181)
at org.openqa.selenium.chrome.ChromeDriver.<init>(ChromeDriver.java:168)
at org.openqa.selenium.chrome.ChromeDriver.<init>(ChromeDriver.java:123)
at base.TestBase.initializeDriver(TestBase.java:33)
at testCases.LoginPageTest.setUp(LoginPageTest.java:20)
at sun.reflect.NativeMethodAccessorImpl.invoke0(Native Method)
at sun.reflect.NativeMethodAccessorImpl.invoke(NativeMethodAccessorImpl.java:62)
at sun.reflect.DelegatingMethodAccessorImpl.invoke(DelegatingMethodAccessorImpl.java:43)
at java.lang.reflect.Method.invoke(Method.java:498)
at org.testng.internal.MethodInvocationHelper.invokeMethod(MethodInvocationHelper.java:124)
at org.testng.internal.MethodInvocationHelper.invokeMethodConsideringTimeout(MethodInvocationHelper.java:59)
at org.testng.internal.Invoker.invokeConfigurationMethod(Invoker.java:458)
at org.testng.internal.Invoker.invokeConfigurations(Invoker.java:222)
at org.testng.internal.Invoker.invokeMethod(Invoker.java:523)
at org.testng.internal.Invoker.invokeTestMethod(Invoker.java:719)
at org.testng.internal.Invoker.invokeTestMethods(Invoker.java:989)
at org.testng.internal.TestMethodWorker.invokeTestMethods(TestMethodWorker.java:125)
at org.testng.internal.TestMethodWorker.run(TestMethodWorker.java:109)
at org.testng.TestRunner.privateRun(TestRunner.java:648)
at org.testng.TestRunner.run(TestRunner.java:505)
at org.testng.SuiteRunner.runTest(SuiteRunner.java:455)
at org.testng.SuiteRunner.runSequentially(SuiteRunner.java:450)
at org.testng.SuiteRunner.privateRun(SuiteRunner.java:415)
at org.testng.SuiteRunner.run(SuiteRunner.java:364)
at org.testng.SuiteRunnerWorker.runSuite(SuiteRunnerWorker.java:52)
at org.testng.SuiteRunnerWorker.run(SuiteRunnerWorker.java:84)
at org.testng.TestNG.runSuitesSequentially(TestNG.java:1208)
at org.testng.TestNG.runSuitesLocally(TestNG.java:1137)
at org.testng.TestNG.runSuites(TestNG.java:1049)
at org.testng.TestNG.run(TestNG.java:1017)
at org.testng.remote.AbstractRemoteTestNG.run(AbstractRemoteTestNG.java:115)
at org.testng.remote.RemoteTestNG.initAndRun(RemoteTestNG.java:251)
at org.testng.remote.RemoteTestNG.main(RemoteTestNG.java:77)
]]>
            </full-stacktrace>
          </exception> <!-- org.openqa.selenium.SessionNotCreatedException -->
          <reporter-output>
          </reporter-output>
        </test-method> <!-- loginpageTitleTest -->
        <test-method status="SKIP" signature="tearDown()[pri:0, instance:testCases.LoginPageTest@2ed0fbae]" name="tearDown" is-config="true" duration-ms="0" started-at="2020-12-12T18:14:32Z" finished-at="2020-12-12T18:14:32Z">
          <reporter-output>
          </reporter-output>
        </test-method> <!-- tearDown -->
      </class> <!-- testCases.LoginPageTest -->
    </test> <!-- Default test -->
  </suite> <!-- Default suite -->
</testng-results>
